<?xml version="1.0" encoding="utf-8"?><testsuites><testsuite name="pytest" errors="0" failures="1" skipped="0" tests="16" time="0.667" timestamp="2023-03-16T18:30:19.007802" hostname="MacBook-Pro-106.local"><testcase classname="test_calc" name="test_a" time="0.001" /><testcase classname="test_calc.TestCalc" name="test_add" time="0.002" /><testcase classname="test_calc.TestCalc" name="test_add1" time="0.001" /><testcase classname="test_calc.TestCalc" name="test_add2" time="0.001" /><testcase classname="test_demo" name="test_a" time="0.002" /><testcase classname="test_demo" name="test_b" time="0.001" /><testcase classname="test_demo" name="test_c" time="0.001"><failure message="assert 1 == 2">def test_c():
&gt;       assert 1 == 2
E       assert 1 == 2

test_demo.py:18: AssertionError</failure></testcase><testcase classname="test_demo" name="test_param[4-1]" time="0.001" /><testcase classname="test_demo" name="test_param[4-2]" time="0.159" /><testcase classname="test_demo" name="test_param[4-3]" time="0.002" /><testcase classname="test_demo" name="test_param[5-1]" time="0.001" /><testcase classname="test_demo" name="test_param[5-2]" time="0.002" /><testcase classname="test_demo" name="test_param[5-3]" time="0.001" /><testcase classname="test_demo" name="test_param[6-1]" time="0.002" /><testcase classname="test_demo" name="test_param[6-2]" time="0.001" /><testcase classname="test_demo" name="test_param[6-3]" time="0.001" /></testsuite></testsuites>